{"C:\\Project\\ZeroBase\\my-app\\app\\_layout.tsx": {"path":"C:\\Project\\ZeroBase\\my-app\\app\\_layout.tsx","statementMap":{"0":{"start":{"line":8,"column":33},"end":{"line":10,"column":1}},"1":{"start":{"line":13,"column":22},"end":{"line":13,"column":38}},"2":{"start":{"line":15,"column":2},"end":{"line":23,"column":4}}},"fnMap":{"0":{"name":"RootLayout","decl":{"start":{"line":12,"column":24},"end":{"line":12,"column":34}},"loc":{"start":{"line":12,"column":37},"end":{"line":24,"column":1}},"line":12}},"branchMap":{"0":{"loc":{"start":{"line":16,"column":26},"end":{"line":16,"column":75}},"type":"cond-expr","locations":[{"start":{"line":16,"column":51},"end":{"line":16,"column":60}},{"start":{"line":16,"column":63},"end":{"line":16,"column":75}}],"line":16}},"s":{"0":0,"1":0,"2":0},"f":{"0":0},"b":{"0":[0,0]}}
,"C:\\Project\\ZeroBase\\my-app\\app\\modal.tsx": {"path":"C:\\Project\\ZeroBase\\my-app\\app\\modal.tsx","statementMap":{"0":{"start":{"line":8,"column":2},"end":{"line":15,"column":4}},"1":{"start":{"line":18,"column":15},"end":{"line":29,"column":2}}},"fnMap":{"0":{"name":"ModalScreen","decl":{"start":{"line":7,"column":24},"end":{"line":7,"column":35}},"loc":{"start":{"line":7,"column":38},"end":{"line":16,"column":1}},"line":7}},"branchMap":{},"s":{"0":0,"1":0},"f":{"0":0},"b":{}}
,"C:\\Project\\ZeroBase\\my-app\\app\\(tabs)\\_layout.tsx": {"path":"C:\\Project\\ZeroBase\\my-app\\app\\(tabs)\\_layout.tsx","statementMap":{"0":{"start":{"line":10,"column":22},"end":{"line":10,"column":38}},"1":{"start":{"line":12,"column":2},"end":{"line":28,"column":4}},"2":{"start":{"line":23,"column":37},"end":{"line":23,"column":93}}},"fnMap":{"0":{"name":"TabLayout","decl":{"start":{"line":9,"column":24},"end":{"line":9,"column":33}},"loc":{"start":{"line":9,"column":36},"end":{"line":29,"column":1}},"line":9},"1":{"name":"(anonymous_1)","decl":{"start":{"line":23,"column":22},"end":{"line":23,"column":23}},"loc":{"start":{"line":23,"column":37},"end":{"line":23,"column":93}},"line":23}},"branchMap":{"0":{"loc":{"start":{"line":15,"column":38},"end":{"line":15,"column":60}},"type":"binary-expr","locations":[{"start":{"line":15,"column":38},"end":{"line":15,"column":49}},{"start":{"line":15,"column":53},"end":{"line":15,"column":60}}],"line":15}},"s":{"0":0,"1":0,"2":0},"f":{"0":0,"1":0},"b":{"0":[0,0]}}
,"C:\\Project\\ZeroBase\\my-app\\app\\(tabs)\\index.tsx": {"path":"C:\\Project\\ZeroBase\\my-app\\app\\(tabs)\\index.tsx","statementMap":{"0":{"start":{"line":11,"column":44},"end":{"line":11,"column":62}},"1":{"start":{"line":12,"column":52},"end":{"line":12,"column":67}},"2":{"start":{"line":15,"column":2},"end":{"line":27,"column":9}},"3":{"start":{"line":16,"column":28},"end":{"line":25,"column":5}},"4":{"start":{"line":17,"column":6},"end":{"line":24,"column":7}},"5":{"start":{"line":18,"column":21},"end":{"line":18,"column":68}},"6":{"start":{"line":19,"column":8},"end":{"line":21,"column":9}},"7":{"start":{"line":20,"column":10},"end":{"line":20,"column":37}},"8":{"start":{"line":23,"column":8},"end":{"line":23,"column":61}},"9":{"start":{"line":26,"column":4},"end":{"line":26,"column":22}},"10":{"start":{"line":30,"column":2},"end":{"line":42,"column":41}},"11":{"start":{"line":31,"column":4},"end":{"line":41,"column":5}},"12":{"start":{"line":32,"column":20},"end":{"line":38,"column":14}},"13":{"start":{"line":33,"column":8},"end":{"line":37,"column":9}},"14":{"start":{"line":34,"column":10},"end":{"line":34,"column":38}},"15":{"start":{"line":36,"column":10},"end":{"line":36,"column":41}},"16":{"start":{"line":40,"column":6},"end":{"line":40,"column":39}},"17":{"start":{"line":40,"column":19},"end":{"line":40,"column":38}},"18":{"start":{"line":45,"column":35},"end":{"line":53,"column":3}},"19":{"start":{"line":46,"column":4},"end":{"line":52,"column":5}},"20":{"start":{"line":47,"column":6},"end":{"line":47,"column":62}},"21":{"start":{"line":48,"column":6},"end":{"line":48,"column":33}},"22":{"start":{"line":49,"column":6},"end":{"line":49,"column":34}},"23":{"start":{"line":51,"column":6},"end":{"line":51,"column":58}},"24":{"start":{"line":55,"column":2},"end":{"line":57,"column":3}},"25":{"start":{"line":56,"column":4},"end":{"line":56,"column":28}},"26":{"start":{"line":59,"column":2},"end":{"line":61,"column":3}},"27":{"start":{"line":60,"column":4},"end":{"line":60,"column":70}},"28":{"start":{"line":63,"column":2},"end":{"line":65,"column":3}},"29":{"start":{"line":64,"column":4},"end":{"line":64,"column":29}},"30":{"start":{"line":67,"column":2},"end":{"line":67,"column":14}}},"fnMap":{"0":{"name":"HomeScreen","decl":{"start":{"line":10,"column":24},"end":{"line":10,"column":34}},"loc":{"start":{"line":10,"column":37},"end":{"line":68,"column":1}},"line":10},"1":{"name":"(anonymous_1)","decl":{"start":{"line":15,"column":12},"end":{"line":15,"column":13}},"loc":{"start":{"line":15,"column":18},"end":{"line":27,"column":3}},"line":15},"2":{"name":"(anonymous_2)","decl":{"start":{"line":16,"column":28},"end":{"line":16,"column":29}},"loc":{"start":{"line":16,"column":40},"end":{"line":25,"column":5}},"line":16},"3":{"name":"(anonymous_3)","decl":{"start":{"line":30,"column":12},"end":{"line":30,"column":13}},"loc":{"start":{"line":30,"column":18},"end":{"line":42,"column":3}},"line":30},"4":{"name":"(anonymous_4)","decl":{"start":{"line":32,"column":31},"end":{"line":32,"column":32}},"loc":{"start":{"line":32,"column":37},"end":{"line":38,"column":7}},"line":32},"5":{"name":"(anonymous_5)","decl":{"start":{"line":40,"column":13},"end":{"line":40,"column":14}},"loc":{"start":{"line":40,"column":19},"end":{"line":40,"column":38}},"line":40},"6":{"name":"(anonymous_6)","decl":{"start":{"line":45,"column":35},"end":{"line":45,"column":36}},"loc":{"start":{"line":45,"column":47},"end":{"line":53,"column":3}},"line":45}},"branchMap":{"0":{"loc":{"start":{"line":19,"column":8},"end":{"line":21,"column":9}},"type":"if","locations":[{"start":{"line":19,"column":8},"end":{"line":21,"column":9}},{"start":{},"end":{}}],"line":19},"1":{"loc":{"start":{"line":31,"column":4},"end":{"line":41,"column":5}},"type":"if","locations":[{"start":{"line":31,"column":4},"end":{"line":41,"column":5}},{"start":{},"end":{}}],"line":31},"2":{"loc":{"start":{"line":33,"column":8},"end":{"line":37,"column":9}},"type":"if","locations":[{"start":{"line":33,"column":8},"end":{"line":37,"column":9}},{"start":{"line":35,"column":15},"end":{"line":37,"column":9}}],"line":33},"3":{"loc":{"start":{"line":55,"column":2},"end":{"line":57,"column":3}},"type":"if","locations":[{"start":{"line":55,"column":2},"end":{"line":57,"column":3}},{"start":{},"end":{}}],"line":55},"4":{"loc":{"start":{"line":59,"column":2},"end":{"line":61,"column":3}},"type":"if","locations":[{"start":{"line":59,"column":2},"end":{"line":61,"column":3}},{"start":{},"end":{}}],"line":59},"5":{"loc":{"start":{"line":63,"column":2},"end":{"line":65,"column":3}},"type":"if","locations":[{"start":{"line":63,"column":2},"end":{"line":65,"column":3}},{"start":{},"end":{}}],"line":63}},"s":{"0":0,"1":0,"2":0,"3":0,"4":0,"5":0,"6":0,"7":0,"8":0,"9":0,"10":0,"11":0,"12":0,"13":0,"14":0,"15":0,"16":0,"17":0,"18":0,"19":0,"20":0,"21":0,"22":0,"23":0,"24":0,"25":0,"26":0,"27":0,"28":0,"29":0,"30":0},"f":{"0":0,"1":0,"2":0,"3":0,"4":0,"5":0,"6":0},"b":{"0":[0,0],"1":[0,0],"2":[0,0],"3":[0,0],"4":[0,0],"5":[0,0]}}
,"C:\\Project\\ZeroBase\\my-app\\components\\external-link.tsx": {"path":"C:\\Project\\ZeroBase\\my-app\\components\\external-link.tsx","statementMap":{"0":{"start":{"line":8,"column":2},"end":{"line":24,"column":4}},"1":{"start":{"line":14,"column":8},"end":{"line":21,"column":9}},"2":{"start":{"line":16,"column":10},"end":{"line":16,"column":33}},"3":{"start":{"line":18,"column":10},"end":{"line":20,"column":13}}},"fnMap":{"0":{"name":"ExternalLink","decl":{"start":{"line":7,"column":16},"end":{"line":7,"column":28}},"loc":{"start":{"line":7,"column":55},"end":{"line":25,"column":1}},"line":7},"1":{"name":"(anonymous_1)","decl":{"start":{"line":13,"column":15},"end":{"line":13,"column":16}},"loc":{"start":{"line":13,"column":32},"end":{"line":22,"column":7}},"line":13}},"branchMap":{"0":{"loc":{"start":{"line":14,"column":8},"end":{"line":21,"column":9}},"type":"if","locations":[{"start":{"line":14,"column":8},"end":{"line":21,"column":9}},{"start":{},"end":{}}],"line":14}},"s":{"0":0,"1":0,"2":0,"3":0},"f":{"0":0,"1":0},"b":{"0":[0,0]}}
,"C:\\Project\\ZeroBase\\my-app\\components\\haptic-tab.tsx": {"path":"C:\\Project\\ZeroBase\\my-app\\components\\haptic-tab.tsx","statementMap":{"0":{"start":{"line":6,"column":2},"end":{"line":17,"column":4}},"1":{"start":{"line":10,"column":8},"end":{"line":13,"column":9}},"2":{"start":{"line":12,"column":10},"end":{"line":12,"column":65}},"3":{"start":{"line":14,"column":8},"end":{"line":14,"column":30}}},"fnMap":{"0":{"name":"HapticTab","decl":{"start":{"line":5,"column":16},"end":{"line":5,"column":25}},"loc":{"start":{"line":5,"column":58},"end":{"line":18,"column":1}},"line":5},"1":{"name":"(anonymous_1)","decl":{"start":{"line":9,"column":17},"end":{"line":9,"column":18}},"loc":{"start":{"line":9,"column":25},"end":{"line":15,"column":7}},"line":9}},"branchMap":{"0":{"loc":{"start":{"line":10,"column":8},"end":{"line":13,"column":9}},"type":"if","locations":[{"start":{"line":10,"column":8},"end":{"line":13,"column":9}},{"start":{},"end":{}}],"line":10}},"s":{"0":0,"1":0,"2":0,"3":0},"f":{"0":0,"1":0},"b":{"0":[0,0]}}
,"C:\\Project\\ZeroBase\\my-app\\components\\hello-wave.tsx": {"path":"C:\\Project\\ZeroBase\\my-app\\components\\hello-wave.tsx","statementMap":{"0":{"start":{"line":4,"column":2},"end":{"line":18,"column":4}}},"fnMap":{"0":{"name":"HelloWave","decl":{"start":{"line":3,"column":16},"end":{"line":3,"column":25}},"loc":{"start":{"line":3,"column":28},"end":{"line":19,"column":1}},"line":3}},"branchMap":{},"s":{"0":0},"f":{"0":0},"b":{}}
,"C:\\Project\\ZeroBase\\my-app\\components\\parallax-scroll-view.tsx": {"path":"C:\\Project\\ZeroBase\\my-app\\components\\parallax-scroll-view.tsx","statementMap":{"0":{"start":{"line":14,"column":22},"end":{"line":14,"column":25}},"1":{"start":{"line":26,"column":26},"end":{"line":26,"column":57}},"2":{"start":{"line":27,"column":22},"end":{"line":27,"column":49}},"3":{"start":{"line":28,"column":20},"end":{"line":28,"column":57}},"4":{"start":{"line":29,"column":23},"end":{"line":29,"column":49}},"5":{"start":{"line":30,"column":30},"end":{"line":45,"column":4}},"6":{"start":{"line":31,"column":4},"end":{"line":44,"column":6}},"7":{"start":{"line":47,"column":2},"end":{"line":62,"column":4}},"8":{"start":{"line":65,"column":15},"end":{"line":79,"column":2}}},"fnMap":{"0":{"name":"ParallaxScrollView","decl":{"start":{"line":21,"column":24},"end":{"line":21,"column":42}},"loc":{"start":{"line":25,"column":10},"end":{"line":63,"column":1}},"line":25},"1":{"name":"(anonymous_1)","decl":{"start":{"line":30,"column":47},"end":{"line":30,"column":48}},"loc":{"start":{"line":30,"column":53},"end":{"line":45,"column":3}},"line":30}},"branchMap":{"0":{"loc":{"start":{"line":27,"column":22},"end":{"line":27,"column":49}},"type":"binary-expr","locations":[{"start":{"line":27,"column":22},"end":{"line":27,"column":38}},{"start":{"line":27,"column":42},"end":{"line":27,"column":49}}],"line":27}},"s":{"0":0,"1":0,"2":0,"3":0,"4":0,"5":0,"6":0,"7":0,"8":0},"f":{"0":0,"1":0},"b":{"0":[0,0]}}
,"C:\\Project\\ZeroBase\\my-app\\components\\themed-text.tsx": {"path":"C:\\Project\\ZeroBase\\my-app\\components\\themed-text.tsx","statementMap":{"0":{"start":{"line":18,"column":16},"end":{"line":18,"column":77}},"1":{"start":{"line":20,"column":2},"end":{"line":33,"column":4}},"2":{"start":{"line":36,"column":15},"end":{"line":60,"column":2}}},"fnMap":{"0":{"name":"ThemedText","decl":{"start":{"line":11,"column":16},"end":{"line":11,"column":26}},"loc":{"start":{"line":17,"column":20},"end":{"line":34,"column":1}},"line":17}},"branchMap":{"0":{"loc":{"start":{"line":15,"column":2},"end":{"line":15,"column":18}},"type":"default-arg","locations":[{"start":{"line":15,"column":9},"end":{"line":15,"column":18}}],"line":15},"1":{"loc":{"start":{"line":24,"column":8},"end":{"line":24,"column":55}},"type":"cond-expr","locations":[{"start":{"line":24,"column":29},"end":{"line":24,"column":43}},{"start":{"line":24,"column":46},"end":{"line":24,"column":55}}],"line":24},"2":{"loc":{"start":{"line":25,"column":8},"end":{"line":25,"column":51}},"type":"cond-expr","locations":[{"start":{"line":25,"column":27},"end":{"line":25,"column":39}},{"start":{"line":25,"column":42},"end":{"line":25,"column":51}}],"line":25},"3":{"loc":{"start":{"line":26,"column":8},"end":{"line":26,"column":71}},"type":"cond-expr","locations":[{"start":{"line":26,"column":37},"end":{"line":26,"column":59}},{"start":{"line":26,"column":62},"end":{"line":26,"column":71}}],"line":26},"4":{"loc":{"start":{"line":27,"column":8},"end":{"line":27,"column":57}},"type":"cond-expr","locations":[{"start":{"line":27,"column":30},"end":{"line":27,"column":45}},{"start":{"line":27,"column":48},"end":{"line":27,"column":57}}],"line":27},"5":{"loc":{"start":{"line":28,"column":8},"end":{"line":28,"column":49}},"type":"cond-expr","locations":[{"start":{"line":28,"column":26},"end":{"line":28,"column":37}},{"start":{"line":28,"column":40},"end":{"line":28,"column":49}}],"line":28}},"s":{"0":0,"1":0,"2":0},"f":{"0":0},"b":{"0":[0],"1":[0,0],"2":[0,0],"3":[0,0],"4":[0,0],"5":[0,0]}}
,"C:\\Project\\ZeroBase\\my-app\\components\\themed-view.tsx": {"path":"C:\\Project\\ZeroBase\\my-app\\components\\themed-view.tsx","statementMap":{"0":{"start":{"line":11,"column":26},"end":{"line":11,"column":93}},"1":{"start":{"line":13,"column":2},"end":{"line":13,"column":71}}},"fnMap":{"0":{"name":"ThemedView","decl":{"start":{"line":10,"column":16},"end":{"line":10,"column":26}},"loc":{"start":{"line":10,"column":93},"end":{"line":14,"column":1}},"line":10}},"branchMap":{},"s":{"0":0,"1":0},"f":{"0":0},"b":{}}
,"C:\\Project\\ZeroBase\\my-app\\components\\Reuse\\AppButton.jsx": {"path":"C:\\Project\\ZeroBase\\my-app\\components\\Reuse\\AppButton.jsx","statementMap":{"0":{"start":{"line":11,"column":18},"end":{"line":11,"column":100}},"1":{"start":{"line":12,"column":20},"end":{"line":12,"column":45}},"2":{"start":{"line":14,"column":2},"end":{"line":28,"column":4}},"3":{"start":{"line":31,"column":15},"end":{"line":43,"column":2}}},"fnMap":{"0":{"name":"AppButton","decl":{"start":{"line":4,"column":24},"end":{"line":4,"column":33}},"loc":{"start":{"line":10,"column":3},"end":{"line":29,"column":1}},"line":10}},"branchMap":{"0":{"loc":{"start":{"line":6,"column":2},"end":{"line":6,"column":16}},"type":"default-arg","locations":[{"start":{"line":6,"column":10},"end":{"line":6,"column":16}}],"line":6},"1":{"loc":{"start":{"line":8,"column":2},"end":{"line":8,"column":13}},"type":"default-arg","locations":[{"start":{"line":8,"column":10},"end":{"line":8,"column":13}}],"line":8},"2":{"loc":{"start":{"line":11,"column":18},"end":{"line":11,"column":100}},"type":"binary-expr","locations":[{"start":{"line":11,"column":18},"end":{"line":11,"column":43}},{"start":{"line":11,"column":48},"end":{"line":11,"column":64}},{"start":{"line":11,"column":68},"end":{"line":11,"column":99}}],"line":11},"3":{"loc":{"start":{"line":12,"column":20},"end":{"line":12,"column":45}},"type":"cond-expr","locations":[{"start":{"line":12,"column":30},"end":{"line":12,"column":36}},{"start":{"line":12,"column":39},"end":{"line":12,"column":45}}],"line":12},"4":{"loc":{"start":{"line":21,"column":23},"end":{"line":21,"column":64}},"type":"binary-expr","locations":[{"start":{"line":21,"column":23},"end":{"line":21,"column":34}},{"start":{"line":21,"column":39},"end":{"line":21,"column":63}}],"line":21},"5":{"loc":{"start":{"line":21,"column":39},"end":{"line":21,"column":63}},"type":"cond-expr","locations":[{"start":{"line":21,"column":49},"end":{"line":21,"column":55}},{"start":{"line":21,"column":58},"end":{"line":21,"column":63}}],"line":21}},"s":{"0":0,"1":0,"2":0,"3":0},"f":{"0":0},"b":{"0":[0],"1":[0],"2":[0,0,0],"3":[0,0],"4":[0,0],"5":[0,0]}}
,"C:\\Project\\ZeroBase\\my-app\\components\\Reuse\\AppLogo.jsx": {"path":"C:\\Project\\ZeroBase\\my-app\\components\\Reuse\\AppLogo.jsx","statementMap":{"0":{"start":{"line":5,"column":2},"end":{"line":13,"column":4}},"1":{"start":{"line":16,"column":15},"end":{"line":26,"column":2}}},"fnMap":{"0":{"name":"AppLogo","decl":{"start":{"line":4,"column":24},"end":{"line":4,"column":31}},"loc":{"start":{"line":4,"column":63},"end":{"line":14,"column":1}},"line":4}},"branchMap":{"0":{"loc":{"start":{"line":4,"column":34},"end":{"line":4,"column":44}},"type":"default-arg","locations":[{"start":{"line":4,"column":41},"end":{"line":4,"column":44}}],"line":4},"1":{"loc":{"start":{"line":4,"column":46},"end":{"line":4,"column":59}},"type":"default-arg","locations":[{"start":{"line":4,"column":57},"end":{"line":4,"column":59}}],"line":4}},"s":{"0":0,"1":0},"f":{"0":0},"b":{"0":[0],"1":[0]}}
,"C:\\Project\\ZeroBase\\my-app\\components\\Reuse\\MenuIcon.jsx": {"path":"C:\\Project\\ZeroBase\\my-app\\components\\Reuse\\MenuIcon.jsx","statementMap":{"0":{"start":{"line":3,"column":17},"end":{"line":9,"column":1}},"1":{"start":{"line":4,"column":2},"end":{"line":8,"column":4}},"2":{"start":{"line":10,"column":15},"end":{"line":22,"column":2}}},"fnMap":{"0":{"name":"(anonymous_0)","decl":{"start":{"line":3,"column":17},"end":{"line":3,"column":18}},"loc":{"start":{"line":3,"column":23},"end":{"line":9,"column":1}},"line":3}},"branchMap":{},"s":{"0":2,"1":0,"2":2},"f":{"0":0},"b":{},"_coverageSchema":"1a1c01bbd47fc00a2c39e90264f33305004495a9","hash":"8413c57a4040661d3da66d0f06fd5629c7928750"}
,"C:\\Project\\ZeroBase\\my-app\\components\\Reuse\\SocialButtons.jsx": {"path":"C:\\Project\\ZeroBase\\my-app\\components\\Reuse\\SocialButtons.jsx","statementMap":{"0":{"start":{"line":5,"column":21},"end":{"line":5,"column":64}},"1":{"start":{"line":6,"column":14},"end":{"line":6,"column":50}},"2":{"start":{"line":7,"column":22},"end":{"line":7,"column":66}},"3":{"start":{"line":10,"column":2},"end":{"line":24,"column":4}},"4":{"start":{"line":12,"column":59},"end":{"line":12,"column":90}},"5":{"start":{"line":16,"column":59},"end":{"line":16,"column":83}},"6":{"start":{"line":20,"column":59},"end":{"line":20,"column":91}},"7":{"start":{"line":27,"column":15},"end":{"line":49,"column":2}}},"fnMap":{"0":{"name":"SocialButtons","decl":{"start":{"line":9,"column":24},"end":{"line":9,"column":37}},"loc":{"start":{"line":9,"column":40},"end":{"line":25,"column":1}},"line":9},"1":{"name":"(anonymous_1)","decl":{"start":{"line":12,"column":53},"end":{"line":12,"column":54}},"loc":{"start":{"line":12,"column":59},"end":{"line":12,"column":90}},"line":12},"2":{"name":"(anonymous_2)","decl":{"start":{"line":16,"column":53},"end":{"line":16,"column":54}},"loc":{"start":{"line":16,"column":59},"end":{"line":16,"column":83}},"line":16},"3":{"name":"(anonymous_3)","decl":{"start":{"line":20,"column":53},"end":{"line":20,"column":54}},"loc":{"start":{"line":20,"column":59},"end":{"line":20,"column":91}},"line":20}},"branchMap":{},"s":{"0":0,"1":0,"2":0,"3":0,"4":0,"5":0,"6":0,"7":0},"f":{"0":0,"1":0,"2":0,"3":0},"b":{}}
,"C:\\Project\\ZeroBase\\my-app\\components\\Reuse\\index.ts": {"path":"C:\\Project\\ZeroBase\\my-app\\components\\Reuse\\index.ts","statementMap":{},"fnMap":{},"branchMap":{},"s":{},"f":{},"b":{}}
,"C:\\Project\\ZeroBase\\my-app\\components\\auth\\LoginScreen.jsx": {"path":"C:\\Project\\ZeroBase\\my-app\\components\\auth\\LoginScreen.jsx","statementMap":{"0":{"start":{"line":11,"column":28},"end":{"line":11,"column":40}},"1":{"start":{"line":12,"column":34},"end":{"line":12,"column":46}},"2":{"start":{"line":13,"column":42},"end":{"line":13,"column":57}},"3":{"start":{"line":15,"column":2},"end":{"line":99,"column":4}},"4":{"start":{"line":65,"column":33},"end":{"line":65,"column":63}},"5":{"start":{"line":102,"column":15},"end":{"line":244,"column":2}}},"fnMap":{"0":{"name":"LoginScreen","decl":{"start":{"line":10,"column":24},"end":{"line":10,"column":35}},"loc":{"start":{"line":10,"column":60},"end":{"line":100,"column":1}},"line":10},"1":{"name":"(anonymous_1)","decl":{"start":{"line":65,"column":27},"end":{"line":65,"column":28}},"loc":{"start":{"line":65,"column":33},"end":{"line":65,"column":63}},"line":65}},"branchMap":{},"s":{"0":0,"1":0,"2":0,"3":0,"4":0,"5":2},"f":{"0":0,"1":0},"b":{},"_coverageSchema":"1a1c01bbd47fc00a2c39e90264f33305004495a9","hash":"a51f2432c6f69c8de6abb96c9e32c8dfd67f9e9b"}
,"C:\\Project\\ZeroBase\\my-app\\components\\auth\\OnboardingScreen.jsx": {"path":"C:\\Project\\ZeroBase\\my-app\\components\\auth\\OnboardingScreen.jsx","statementMap":{"0":{"start":{"line":14,"column":32},"end":{"line":14,"column":56}},"1":{"start":{"line":16,"column":23},"end":{"line":33,"column":1}},"2":{"start":{"line":36,"column":42},"end":{"line":36,"column":53}},"3":{"start":{"line":37,"column":36},"end":{"line":37,"column":58}},"4":{"start":{"line":38,"column":24},"end":{"line":38,"column":36}},"5":{"start":{"line":40,"column":23},"end":{"line":45,"column":3}},"6":{"start":{"line":41,"column":4},"end":{"line":41,"column":27}},"7":{"start":{"line":41,"column":20},"end":{"line":41,"column":27}},"8":{"start":{"line":42,"column":14},"end":{"line":42,"column":52}},"9":{"start":{"line":43,"column":23},"end":{"line":43,"column":48}},"10":{"start":{"line":44,"column":4},"end":{"line":44,"column":65}},"11":{"start":{"line":44,"column":37},"end":{"line":44,"column":65}},"12":{"start":{"line":47,"column":24},"end":{"line":58,"column":3}},"13":{"start":{"line":48,"column":4},"end":{"line":48,"column":27}},"14":{"start":{"line":48,"column":20},"end":{"line":48,"column":27}},"15":{"start":{"line":49,"column":4},"end":{"line":57,"column":5}},"16":{"start":{"line":50,"column":6},"end":{"line":54,"column":11}},"17":{"start":{"line":56,"column":6},"end":{"line":56,"column":57}},"18":{"start":{"line":56,"column":44},"end":{"line":56,"column":57}},"19":{"start":{"line":60,"column":2},"end":{"line":133,"column":4}},"20":{"start":{"line":69,"column":20},"end":{"line":69,"column":49}},"21":{"start":{"line":70,"column":10},"end":{"line":70,"column":54}},"22":{"start":{"line":70,"column":26},"end":{"line":70,"column":54}},"23":{"start":{"line":80,"column":14},"end":{"line":86,"column":16}},"24":{"start":{"line":100,"column":14},"end":{"line":127,"column":21}},"25":{"start":{"line":136,"column":15},"end":{"line":199,"column":2}}},"fnMap":{"0":{"name":"OnboardingScreen","decl":{"start":{"line":35,"column":24},"end":{"line":35,"column":40}},"loc":{"start":{"line":35,"column":57},"end":{"line":134,"column":1}},"line":35},"1":{"name":"(anonymous_1)","decl":{"start":{"line":40,"column":23},"end":{"line":40,"column":24}},"loc":{"start":{"line":40,"column":34},"end":{"line":45,"column":3}},"line":40},"2":{"name":"(anonymous_2)","decl":{"start":{"line":47,"column":24},"end":{"line":47,"column":25}},"loc":{"start":{"line":47,"column":30},"end":{"line":58,"column":3}},"line":47},"3":{"name":"(anonymous_3)","decl":{"start":{"line":68,"column":18},"end":{"line":68,"column":19}},"loc":{"start":{"line":68,"column":25},"end":{"line":71,"column":9}},"line":68},"4":{"name":"(anonymous_4)","decl":{"start":{"line":79,"column":32},"end":{"line":79,"column":33}},"loc":{"start":{"line":80,"column":14},"end":{"line":86,"column":16}},"line":80},"5":{"name":"(anonymous_5)","decl":{"start":{"line":99,"column":32},"end":{"line":99,"column":33}},"loc":{"start":{"line":100,"column":14},"end":{"line":127,"column":21}},"line":100}},"branchMap":{"0":{"loc":{"start":{"line":41,"column":4},"end":{"line":41,"column":27}},"type":"if","locations":[{"start":{"line":41,"column":4},"end":{"line":41,"column":27}},{"start":{},"end":{}}],"line":41},"1":{"loc":{"start":{"line":42,"column":14},"end":{"line":42,"column":52}},"type":"binary-expr","locations":[{"start":{"line":42,"column":14},"end":{"line":42,"column":47}},{"start":{"line":42,"column":51},"end":{"line":42,"column":52}}],"line":42},"2":{"loc":{"start":{"line":44,"column":4},"end":{"line":44,"column":65}},"type":"if","locations":[{"start":{"line":44,"column":4},"end":{"line":44,"column":65}},{"start":{},"end":{}}],"line":44},"3":{"loc":{"start":{"line":48,"column":4},"end":{"line":48,"column":27}},"type":"if","locations":[{"start":{"line":48,"column":4},"end":{"line":48,"column":27}},{"start":{},"end":{}}],"line":48},"4":{"loc":{"start":{"line":49,"column":4},"end":{"line":57,"column":5}},"type":"if","locations":[{"start":{"line":49,"column":4},"end":{"line":57,"column":5}},{"start":{"line":55,"column":11},"end":{"line":57,"column":5}}],"line":49},"5":{"loc":{"start":{"line":50,"column":6},"end":{"line":54,"column":10}},"type":"binary-expr","locations":[{"start":{"line":50,"column":6},"end":{"line":50,"column":27}},{"start":{"line":51,"column":8},"end":{"line":54,"column":10}}],"line":50},"6":{"loc":{"start":{"line":56,"column":6},"end":{"line":56,"column":57}},"type":"if","locations":[{"start":{"line":56,"column":6},"end":{"line":56,"column":57}},{"start":{},"end":{}}],"line":56},"7":{"loc":{"start":{"line":62,"column":7},"end":{"line":64,"column":14}},"type":"cond-expr","locations":[{"start":{"line":63,"column":8},"end":{"line":63,"column":65}},{"start":{"line":64,"column":10},"end":{"line":64,"column":14}}],"line":62},"8":{"loc":{"start":{"line":63,"column":31},"end":{"line":63,"column":59}},"type":"binary-expr","locations":[{"start":{"line":63,"column":31},"end":{"line":63,"column":54}},{"start":{"line":63,"column":58},"end":{"line":63,"column":59}}],"line":63},"9":{"loc":{"start":{"line":70,"column":10},"end":{"line":70,"column":54}},"type":"if","locations":[{"start":{"line":70,"column":10},"end":{"line":70,"column":54}},{"start":{},"end":{}}],"line":70},"10":{"loc":{"start":{"line":70,"column":14},"end":{"line":70,"column":24}},"type":"binary-expr","locations":[{"start":{"line":70,"column":14},"end":{"line":70,"column":15}},{"start":{"line":70,"column":19},"end":{"line":70,"column":24}}],"line":70},"11":{"loc":{"start":{"line":74,"column":11},"end":{"line":74,"column":63}},"type":"cond-expr","locations":[{"start":{"line":74,"column":44},"end":{"line":74,"column":56}},{"start":{"line":74,"column":59},"end":{"line":74,"column":63}}],"line":74},"12":{"loc":{"start":{"line":84,"column":18},"end":{"line":84,"column":70}},"type":"binary-expr","locations":[{"start":{"line":84,"column":18},"end":{"line":84,"column":40}},{"start":{"line":84,"column":44},"end":{"line":84,"column":70}}],"line":84},"13":{"loc":{"start":{"line":102,"column":47},"end":{"line":102,"column":72}},"type":"binary-expr","locations":[{"start":{"line":102,"column":47},"end":{"line":102,"column":56}},{"start":{"line":102,"column":60},"end":{"line":102,"column":72}}],"line":102},"14":{"loc":{"start":{"line":111,"column":26},"end":{"line":111,"column":62}},"type":"cond-expr","locations":[{"start":{"line":111,"column":42},"end":{"line":111,"column":53}},{"start":{"line":111,"column":56},"end":{"line":111,"column":62}}],"line":111}},"s":{"0":2,"1":2,"2":7,"3":7,"4":7,"5":7,"6":1,"7":0,"8":1,"9":1,"10":1,"11":1,"12":7,"13":2,"14":0,"15":2,"16":1,"17":1,"18":1,"19":7,"20":1,"21":1,"22":1,"23":21,"24":21,"25":2},"f":{"0":7,"1":1,"2":2,"3":1,"4":21,"5":21},"b":{"0":[0,1],"1":[1,0],"2":[1,0],"3":[0,2],"4":[1,1],"5":[1,1],"6":[1,0],"7":[0,7],"8":[0,0],"9":[1,0],"10":[1,1],"11":[7,0],"12":[21,7],"13":[21,0],"14":[7,14]},"_coverageSchema":"1a1c01bbd47fc00a2c39e90264f33305004495a9","hash":"6ff12b55fa595e825b24f7635a60550acef7b3ab"}
,"C:\\Project\\ZeroBase\\my-app\\components\\auth\\SignupScreen.jsx": {"path":"C:\\Project\\ZeroBase\\my-app\\components\\auth\\SignupScreen.jsx","statementMap":{"0":{"start":{"line":11,"column":26},"end":{"line":11,"column":38}},"1":{"start":{"line":12,"column":28},"end":{"line":12,"column":40}},"2":{"start":{"line":13,"column":34},"end":{"line":13,"column":46}},"3":{"start":{"line":14,"column":48},"end":{"line":14,"column":60}},"4":{"start":{"line":15,"column":42},"end":{"line":15,"column":57}},"5":{"start":{"line":16,"column":56},"end":{"line":16,"column":71}},"6":{"start":{"line":18,"column":2},"end":{"line":123,"column":4}},"7":{"start":{"line":82,"column":33},"end":{"line":82,"column":63}},"8":{"start":{"line":102,"column":33},"end":{"line":102,"column":77}},"9":{"start":{"line":126,"column":15},"end":{"line":233,"column":2}}},"fnMap":{"0":{"name":"SignupScreen","decl":{"start":{"line":10,"column":24},"end":{"line":10,"column":36}},"loc":{"start":{"line":10,"column":60},"end":{"line":124,"column":1}},"line":10},"1":{"name":"(anonymous_1)","decl":{"start":{"line":82,"column":27},"end":{"line":82,"column":28}},"loc":{"start":{"line":82,"column":33},"end":{"line":82,"column":63}},"line":82},"2":{"name":"(anonymous_2)","decl":{"start":{"line":102,"column":27},"end":{"line":102,"column":28}},"loc":{"start":{"line":102,"column":33},"end":{"line":102,"column":77}},"line":102}},"branchMap":{},"s":{"0":0,"1":0,"2":0,"3":0,"4":0,"5":0,"6":0,"7":0,"8":0,"9":2},"f":{"0":0,"1":0,"2":0},"b":{},"_coverageSchema":"1a1c01bbd47fc00a2c39e90264f33305004495a9","hash":"25b2dc050ebfe5436bd43760f21c766d155b39c2"}
,"C:\\Project\\ZeroBase\\my-app\\components\\auth\\SplashScreen.jsx": {"path":"C:\\Project\\ZeroBase\\my-app\\components\\auth\\SplashScreen.jsx","statementMap":{"0":{"start":{"line":5,"column":2},"end":{"line":9,"column":4}},"1":{"start":{"line":12,"column":15},"end":{"line":25,"column":2}}},"fnMap":{"0":{"name":"SplashScreen","decl":{"start":{"line":4,"column":24},"end":{"line":4,"column":36}},"loc":{"start":{"line":4,"column":39},"end":{"line":10,"column":1}},"line":4}},"branchMap":{},"s":{"0":0,"1":2},"f":{"0":0},"b":{},"_coverageSchema":"1a1c01bbd47fc00a2c39e90264f33305004495a9","hash":"542bc20de5485b76aaadcb736c113f286d126f83"}
,"C:\\Project\\ZeroBase\\my-app\\components\\auth\\WelcomeScreen.jsx": {"path":"C:\\Project\\ZeroBase\\my-app\\components\\auth\\WelcomeScreen.jsx","statementMap":{"0":{"start":{"line":6,"column":2},"end":{"line":35,"column":4}},"1":{"start":{"line":38,"column":15},"end":{"line":70,"column":2}}},"fnMap":{"0":{"name":"WelcomeScreen","decl":{"start":{"line":5,"column":24},"end":{"line":5,"column":37}},"loc":{"start":{"line":5,"column":40},"end":{"line":36,"column":1}},"line":5},"1":{"name":"(anonymous_1)","decl":{"start":{"line":23,"column":58},"end":{"line":23,"column":59}},"loc":{"start":{"line":23,"column":64},"end":{"line":23,"column":66}},"line":23},"2":{"name":"(anonymous_2)","decl":{"start":{"line":26,"column":58},"end":{"line":26,"column":59}},"loc":{"start":{"line":26,"column":64},"end":{"line":26,"column":66}},"line":26}},"branchMap":{},"s":{"0":4,"1":2},"f":{"0":4,"1":0,"2":0},"b":{},"_coverageSchema":"1a1c01bbd47fc00a2c39e90264f33305004495a9","hash":"0790facc52338de121f649e288828c2ed94aa534"}
,"C:\\Project\\ZeroBase\\my-app\\components\\auth\\index.ts": {"path":"C:\\Project\\ZeroBase\\my-app\\components\\auth\\index.ts","statementMap":{},"fnMap":{},"branchMap":{},"s":{},"f":{},"b":{},"_coverageSchema":"1a1c01bbd47fc00a2c39e90264f33305004495a9","hash":"bb2bd0bc9d4856fa367d6f521168105a3ea3e02e"}
,"C:\\Project\\ZeroBase\\my-app\\components\\ui\\collapsible.tsx": {"path":"C:\\Project\\ZeroBase\\my-app\\components\\ui\\collapsible.tsx","statementMap":{"0":{"start":{"line":11,"column":30},"end":{"line":11,"column":45}},"1":{"start":{"line":12,"column":16},"end":{"line":12,"column":43}},"2":{"start":{"line":14,"column":2},"end":{"line":32,"column":4}},"3":{"start":{"line":18,"column":23},"end":{"line":18,"column":51}},"4":{"start":{"line":18,"column":44},"end":{"line":18,"column":50}},"5":{"start":{"line":35,"column":15},"end":{"line":45,"column":2}}},"fnMap":{"0":{"name":"Collapsible","decl":{"start":{"line":10,"column":16},"end":{"line":10,"column":27}},"loc":{"start":{"line":10,"column":88},"end":{"line":33,"column":1}},"line":10},"1":{"name":"(anonymous_1)","decl":{"start":{"line":18,"column":17},"end":{"line":18,"column":18}},"loc":{"start":{"line":18,"column":23},"end":{"line":18,"column":51}},"line":18},"2":{"name":"(anonymous_2)","decl":{"start":{"line":18,"column":33},"end":{"line":18,"column":34}},"loc":{"start":{"line":18,"column":44},"end":{"line":18,"column":50}},"line":18}},"branchMap":{"0":{"loc":{"start":{"line":12,"column":16},"end":{"line":12,"column":43}},"type":"binary-expr","locations":[{"start":{"line":12,"column":16},"end":{"line":12,"column":32}},{"start":{"line":12,"column":36},"end":{"line":12,"column":43}}],"line":12},"1":{"loc":{"start":{"line":24,"column":17},"end":{"line":24,"column":73}},"type":"cond-expr","locations":[{"start":{"line":24,"column":37},"end":{"line":24,"column":54}},{"start":{"line":24,"column":57},"end":{"line":24,"column":73}}],"line":24},"2":{"loc":{"start":{"line":25,"column":41},"end":{"line":25,"column":66}},"type":"cond-expr","locations":[{"start":{"line":25,"column":50},"end":{"line":25,"column":57}},{"start":{"line":25,"column":60},"end":{"line":25,"column":66}}],"line":25},"3":{"loc":{"start":{"line":30,"column":7},"end":{"line":30,"column":75}},"type":"binary-expr","locations":[{"start":{"line":30,"column":7},"end":{"line":30,"column":13}},{"start":{"line":30,"column":17},"end":{"line":30,"column":75}}],"line":30}},"s":{"0":0,"1":0,"2":0,"3":0,"4":0,"5":0},"f":{"0":0,"1":0,"2":0},"b":{"0":[0,0],"1":[0,0],"2":[0,0],"3":[0,0]}}
,"C:\\Project\\ZeroBase\\my-app\\components\\ui\\icon-symbol.ios.tsx": {"path":"C:\\Project\\ZeroBase\\my-app\\components\\ui\\icon-symbol.ios.tsx","statementMap":{"0":{"start":{"line":17,"column":2},"end":{"line":31,"column":4}}},"fnMap":{"0":{"name":"IconSymbol","decl":{"start":{"line":4,"column":16},"end":{"line":4,"column":26}},"loc":{"start":{"line":16,"column":3},"end":{"line":32,"column":1}},"line":16}},"branchMap":{"0":{"loc":{"start":{"line":6,"column":2},"end":{"line":6,"column":11}},"type":"default-arg","locations":[{"start":{"line":6,"column":9},"end":{"line":6,"column":11}}],"line":6},"1":{"loc":{"start":{"line":9,"column":2},"end":{"line":9,"column":20}},"type":"default-arg","locations":[{"start":{"line":9,"column":11},"end":{"line":9,"column":20}}],"line":9}},"s":{"0":0},"f":{"0":0},"b":{"0":[0],"1":[0]}}
,"C:\\Project\\ZeroBase\\my-app\\components\\ui\\icon-symbol.tsx": {"path":"C:\\Project\\ZeroBase\\my-app\\components\\ui\\icon-symbol.tsx","statementMap":{"0":{"start":{"line":16,"column":16},"end":{"line":21,"column":16}},"1":{"start":{"line":40,"column":2},"end":{"line":40,"column":88}}},"fnMap":{"0":{"name":"IconSymbol","decl":{"start":{"line":28,"column":16},"end":{"line":28,"column":26}},"loc":{"start":{"line":39,"column":3},"end":{"line":41,"column":1}},"line":39}},"branchMap":{"0":{"loc":{"start":{"line":30,"column":2},"end":{"line":30,"column":11}},"type":"default-arg","locations":[{"start":{"line":30,"column":9},"end":{"line":30,"column":11}}],"line":30}},"s":{"0":0,"1":0},"f":{"0":0},"b":{"0":[0]}}
}
