TN:
SF:app\_layout.tsx
FN:12,RootLayout
FNF:1
FNH:0
FNDA:0,RootLayout
DA:8,0
DA:13,0
DA:15,0
LF:3
LH:0
BRDA:16,0,0,0
BRDA:16,0,1,0
BRF:2
BRH:0
end_of_record
TN:
SF:app\modal.tsx
FN:7,ModalScreen
FNF:1
FNH:0
FNDA:0,ModalScreen
DA:8,0
DA:18,0
LF:2
LH:0
BRF:0
BRH:0
end_of_record
TN:
SF:app\(tabs)\_layout.tsx
FN:9,TabLayout
FN:23,(anonymous_1)
FNF:2
FNH:0
FNDA:0,TabLayout
FNDA:0,(anonymous_1)
DA:10,0
DA:12,0
DA:23,0
LF:3
LH:0
BRDA:15,0,0,0
BRDA:15,0,1,0
BRF:2
BRH:0
end_of_record
TN:
SF:app\(tabs)\index.tsx
FN:10,HomeScreen
FN:15,(anonymous_1)
FN:16,(anonymous_2)
FN:30,(anonymous_3)
FN:32,(anonymous_4)
FN:40,(anonymous_5)
FN:45,(anonymous_6)
FNF:7
FNH:0
FNDA:0,HomeScreen
FNDA:0,(anonymous_1)
FNDA:0,(anonymous_2)
FNDA:0,(anonymous_3)
FNDA:0,(anonymous_4)
FNDA:0,(anonymous_5)
FNDA:0,(anonymous_6)
DA:11,0
DA:12,0
DA:15,0
DA:16,0
DA:17,0
DA:18,0
DA:19,0
DA:20,0
DA:23,0
DA:26,0
DA:30,0
DA:31,0
DA:32,0
DA:33,0
DA:34,0
DA:36,0
DA:40,0
DA:45,0
DA:46,0
DA:47,0
DA:48,0
DA:49,0
DA:51,0
DA:55,0
DA:56,0
DA:59,0
DA:60,0
DA:63,0
DA:64,0
DA:67,0
LF:30
LH:0
BRDA:19,0,0,0
BRDA:19,0,1,0
BRDA:31,1,0,0
BRDA:31,1,1,0
BRDA:33,2,0,0
BRDA:33,2,1,0
BRDA:55,3,0,0
BRDA:55,3,1,0
BRDA:59,4,0,0
BRDA:59,4,1,0
BRDA:63,5,0,0
BRDA:63,5,1,0
BRF:12
BRH:0
end_of_record
TN:
SF:components\external-link.tsx
FN:7,ExternalLink
FN:13,(anonymous_1)
FNF:2
FNH:0
FNDA:0,ExternalLink
FNDA:0,(anonymous_1)
DA:8,0
DA:14,0
DA:16,0
DA:18,0
LF:4
LH:0
BRDA:14,0,0,0
BRDA:14,0,1,0
BRF:2
BRH:0
end_of_record
TN:
SF:components\haptic-tab.tsx
FN:5,HapticTab
FN:9,(anonymous_1)
FNF:2
FNH:0
FNDA:0,HapticTab
FNDA:0,(anonymous_1)
DA:6,0
DA:10,0
DA:12,0
DA:14,0
LF:4
LH:0
BRDA:10,0,0,0
BRDA:10,0,1,0
BRF:2
BRH:0
end_of_record
TN:
SF:components\hello-wave.tsx
FN:3,HelloWave
FNF:1
FNH:0
FNDA:0,HelloWave
DA:4,0
LF:1
LH:0
BRF:0
BRH:0
end_of_record
TN:
SF:components\parallax-scroll-view.tsx
FN:21,ParallaxScrollView
FN:30,(anonymous_1)
FNF:2
FNH:0
FNDA:0,ParallaxScrollView
FNDA:0,(anonymous_1)
DA:14,0
DA:26,0
DA:27,0
DA:28,0
DA:29,0
DA:30,0
DA:31,0
DA:47,0
DA:65,0
LF:9
LH:0
BRDA:27,0,0,0
BRDA:27,0,1,0
BRF:2
BRH:0
end_of_record
TN:
SF:components\themed-text.tsx
FN:11,ThemedText
FNF:1
FNH:0
FNDA:0,ThemedText
DA:18,0
DA:20,0
DA:36,0
LF:3
LH:0
BRDA:15,0,0,0
BRDA:24,1,0,0
BRDA:24,1,1,0
BRDA:25,2,0,0
BRDA:25,2,1,0
BRDA:26,3,0,0
BRDA:26,3,1,0
BRDA:27,4,0,0
BRDA:27,4,1,0
BRDA:28,5,0,0
BRDA:28,5,1,0
BRF:11
BRH:0
end_of_record
TN:
SF:components\themed-view.tsx
FN:10,ThemedView
FNF:1
FNH:0
FNDA:0,ThemedView
DA:11,0
DA:13,0
LF:2
LH:0
BRF:0
BRH:0
end_of_record
TN:
SF:components\Reuse\AppButton.jsx
FN:4,AppButton
FNF:1
FNH:0
FNDA:0,AppButton
DA:11,0
DA:12,0
DA:14,0
DA:31,0
LF:4
LH:0
BRDA:6,0,0,0
BRDA:8,1,0,0
BRDA:11,2,0,0
BRDA:11,2,1,0
BRDA:11,2,2,0
BRDA:12,3,0,0
BRDA:12,3,1,0
BRDA:21,4,0,0
BRDA:21,4,1,0
BRDA:21,5,0,0
BRDA:21,5,1,0
BRF:11
BRH:0
end_of_record
TN:
SF:components\Reuse\AppLogo.jsx
FN:4,AppLogo
FNF:1
FNH:0
FNDA:0,AppLogo
DA:5,0
DA:16,0
LF:2
LH:0
BRDA:4,0,0,0
BRDA:4,1,0,0
BRF:2
BRH:0
end_of_record
TN:
SF:components\Reuse\MenuIcon.jsx
FN:3,(anonymous_0)
FNF:1
FNH:0
FNDA:0,(anonymous_0)
DA:3,2
DA:4,0
DA:10,2
LF:3
LH:2
BRF:0
BRH:0
end_of_record
TN:
SF:components\Reuse\SocialButtons.jsx
FN:9,SocialButtons
FN:12,(anonymous_1)
FN:16,(anonymous_2)
FN:20,(anonymous_3)
FNF:4
FNH:0
FNDA:0,SocialButtons
FNDA:0,(anonymous_1)
FNDA:0,(anonymous_2)
FNDA:0,(anonymous_3)
DA:5,0
DA:6,0
DA:7,0
DA:10,0
DA:12,0
DA:16,0
DA:20,0
DA:27,0
LF:8
LH:0
BRF:0
BRH:0
end_of_record
TN:
SF:components\Reuse\index.ts
FNF:0
FNH:0
LF:0
LH:0
BRF:0
BRH:0
end_of_record
TN:
SF:components\auth\LoginScreen.jsx
FN:10,LoginScreen
FN:65,(anonymous_1)
FNF:2
FNH:0
FNDA:0,LoginScreen
FNDA:0,(anonymous_1)
DA:11,0
DA:12,0
DA:13,0
DA:15,0
DA:65,0
DA:102,2
LF:6
LH:1
BRF:0
BRH:0
end_of_record
TN:
SF:components\auth\OnboardingScreen.jsx
FN:35,OnboardingScreen
FN:40,(anonymous_1)
FN:47,(anonymous_2)
FN:68,(anonymous_3)
FN:79,(anonymous_4)
FN:99,(anonymous_5)
FNF:6
FNH:6
FNDA:7,OnboardingScreen
FNDA:1,(anonymous_1)
FNDA:2,(anonymous_2)
FNDA:1,(anonymous_3)
FNDA:21,(anonymous_4)
FNDA:21,(anonymous_5)
DA:14,2
DA:16,2
DA:36,7
DA:37,7
DA:38,7
DA:40,7
DA:41,1
DA:42,1
DA:43,1
DA:44,1
DA:47,7
DA:48,2
DA:49,2
DA:50,1
DA:56,1
DA:60,7
DA:69,1
DA:70,1
DA:80,21
DA:100,21
DA:136,2
LF:21
LH:21
BRDA:41,0,0,0
BRDA:41,0,1,1
BRDA:42,1,0,1
BRDA:42,1,1,0
BRDA:44,2,0,1
BRDA:44,2,1,0
BRDA:48,3,0,0
BRDA:48,3,1,2
BRDA:49,4,0,1
BRDA:49,4,1,1
BRDA:50,5,0,1
BRDA:50,5,1,1
BRDA:56,6,0,1
BRDA:56,6,1,0
BRDA:62,7,0,0
BRDA:62,7,1,7
BRDA:63,8,0,0
BRDA:63,8,1,0
BRDA:70,9,0,1
BRDA:70,9,1,0
BRDA:70,10,0,1
BRDA:70,10,1,1
BRDA:74,11,0,7
BRDA:74,11,1,0
BRDA:84,12,0,21
BRDA:84,12,1,7
BRDA:102,13,0,21
BRDA:102,13,1,0
BRDA:111,14,0,7
BRDA:111,14,1,14
BRF:30
BRH:19
end_of_record
TN:
SF:components\auth\SignupScreen.jsx
FN:10,SignupScreen
FN:82,(anonymous_1)
FN:102,(anonymous_2)
FNF:3
FNH:0
FNDA:0,SignupScreen
FNDA:0,(anonymous_1)
FNDA:0,(anonymous_2)
DA:11,0
DA:12,0
DA:13,0
DA:14,0
DA:15,0
DA:16,0
DA:18,0
DA:82,0
DA:102,0
DA:126,2
LF:10
LH:1
BRF:0
BRH:0
end_of_record
TN:
SF:components\auth\SplashScreen.jsx
FN:4,SplashScreen
FNF:1
FNH:0
FNDA:0,SplashScreen
DA:5,0
DA:12,2
LF:2
LH:1
BRF:0
BRH:0
end_of_record
TN:
SF:components\auth\WelcomeScreen.jsx
FN:5,WelcomeScreen
FN:23,(anonymous_1)
FN:26,(anonymous_2)
FNF:3
FNH:1
FNDA:4,WelcomeScreen
FNDA:0,(anonymous_1)
FNDA:0,(anonymous_2)
DA:6,4
DA:38,2
LF:2
LH:2
BRF:0
BRH:0
end_of_record
TN:
SF:components\auth\index.ts
FNF:0
FNH:0
LF:0
LH:0
BRF:0
BRH:0
end_of_record
TN:
SF:components\ui\collapsible.tsx
FN:10,Collapsible
FN:18,(anonymous_1)
FN:18,(anonymous_2)
FNF:3
FNH:0
FNDA:0,Collapsible
FNDA:0,(anonymous_1)
FNDA:0,(anonymous_2)
DA:11,0
DA:12,0
DA:14,0
DA:18,0
DA:35,0
LF:5
LH:0
BRDA:12,0,0,0
BRDA:12,0,1,0
BRDA:24,1,0,0
BRDA:24,1,1,0
BRDA:25,2,0,0
BRDA:25,2,1,0
BRDA:30,3,0,0
BRDA:30,3,1,0
BRF:8
BRH:0
end_of_record
TN:
SF:components\ui\icon-symbol.ios.tsx
FN:4,IconSymbol
FNF:1
FNH:0
FNDA:0,IconSymbol
DA:17,0
LF:1
LH:0
BRDA:6,0,0,0
BRDA:9,1,0,0
BRF:2
BRH:0
end_of_record
TN:
SF:components\ui\icon-symbol.tsx
FN:28,IconSymbol
FNF:1
FNH:0
FNDA:0,IconSymbol
DA:16,0
DA:40,0
LF:2
LH:0
BRDA:30,0,0,0
BRF:1
BRH:0
end_of_record
